[23:16:41.973][info] [#0:/home/ndrolp/.dotfiles/.local/share/nvim_new/mason/packages/lua-language-server/libexec/main.lua:68]: Lua Lsp startup, root: 	/home/ndrolp/.dotfiles/.local/share/nvim_new/mason/packages/lua-language-server/libexec
[23:16:41.973][info] [#0:/home/ndrolp/.dotfiles/.local/share/nvim_new/mason/packages/lua-language-server/libexec/main.lua:69]: ROOT:	/home/ndrolp/.dotfiles/.local/share/nvim_new/mason/packages/lua-language-server/libexec
[23:16:41.973][info] [#0:/home/ndrolp/.dotfiles/.local/share/nvim_new/mason/packages/lua-language-server/libexec/main.lua:70]: LOGPATH:	/home/ndrolp/.dotfiles/.local/share/nvim_new/mason/packages/lua-language-server/libexec/log
[23:16:41.973][info] [#0:/home/ndrolp/.dotfiles/.local/share/nvim_new/mason/packages/lua-language-server/libexec/main.lua:71]: METAPATH:	/home/ndrolp/.dotfiles/.local/share/nvim_new/mason/packages/lua-language-server/libexec/meta
[23:16:41.973][info] [#0:/home/ndrolp/.dotfiles/.local/share/nvim_new/mason/packages/lua-language-server/libexec/main.lua:72]: VERSION:	3.13.9
[23:16:41.994][info] [#0:script/proto/proto.lua:260]: Listen Mode: stdio
[23:16:41.994][info] [#0:script/service/service.lua:145]: 
========= Medical Examination Report =========
    --------------- Memory ---------------
        Total: 2.259 MB
        # 00 : 2.259 MB
        # 01 : 0.000 MB
        # 02 : 0.000 MB
        # 03 : 0.000 MB
        # 04 : 0.000 MB
    --------------- Coroutine ---------------
        Total:     0
        Running:   0
        Suspended: 0
        Normal:    0
        Dead:      0
    --------------- Cache ---------------
        Total: 1
        Dead:  0
    ---------------  RPC  ---------------
        Holdon:   0
        Waiting:  0
==============================================
[23:16:42.098][info] [#0:script/client.lua:657]: Client init	{
  capabilities = {
    general = {
      positionEncodings = { "utf-8", "utf-16", "utf-32" }
    },
    textDocument = {
      callHierarchy = {
        dynamicRegistration = false
      },
      codeAction = {
        codeActionLiteralSupport = {
          codeActionKind = {
            valueSet = { "", "quickfix", "refactor", "refactor.extract", "refactor.inline", "refactor.rewrite", "source", "source.organizeImports" }
          }
        },
        dataSupport = true,
        dynamicRegistration = true,
        isPreferredSupport = true,
        resolveSupport = {
          properties = { "edit", "command" }
        }
      },
      codeLens = {
        dynamicRegistration = false,
        resolveSupport = {
          properties = { "command" }
        }
      },
      completion = {
        completionItem = {
          commitCharactersSupport = false,
          deprecatedSupport = true,
          documentationFormat = { "markdown", "plaintext" },
          insertReplaceSupport = true,
          insertTextModeSupport = {
            valueSet = { 1 }
          },
          labelDetailsSupport = true,
          preselectSupport = false,
          resolveSupport = {
            properties = { "documentation", "detail", "additionalTextEdits", "command", "data" }
          },
          snippetSupport = true,
          tagSupport = {
            valueSet = { 1 }
          }
        },
        completionItemKind = {
          valueSet = { 1, 2, 3, 4, 5, 6, 7, 8, 9, 10, 11, 12, 13, 14, 15, 16, 17, 18, 19, 20, 21, 22, 23, 24, 25 }
        },
        completionList = {
          itemDefaults = { "commitCharacters", "editRange", "insertTextFormat", "insertTextMode", "data" }
        },
        contextSupport = true,
        dynamicRegistration = false,
        insertTextMode = 1
      },
      declaration = {
        linkSupport = true
      },
      definition = {
        dynamicRegistration = true,
        linkSupport = true
      },
      diagnostic = {
        dynamicRegistration = false
      },
      documentHighlight = {
        dynamicRegistration = false
      },
      documentSymbol = {
        dynamicRegistration = false,
        hierarchicalDocumentSymbolSupport = true,
        symbolKind = {
          valueSet = { 1, 2, 3, 4, 5, 6, 7, 8, 9, 10, 11, 12, 13, 14, 15, 16, 17, 18, 19, 20, 21, 22, 23, 24, 25, 26 }
        }
      },
      foldingRange = {
        dynamicRegistration = false,
        foldingRange = {
          collapsedText = true
        },
        lineFoldingOnly = true
      },
      formatting = {
        dynamicRegistration = true
      },
      hover = {
        contentFormat = { "markdown", "plaintext" },
        dynamicRegistration = true
      },
      implementation = {
        linkSupport = true
      },
      inlayHint = {
        dynamicRegistration = true,
        resolveSupport = {
          properties = { "textEdits", "tooltip", "location", "command" }
        }
      },
      publishDiagnostics = {
        dataSupport = true,
        relatedInformation = true,
        tagSupport = {
          valueSet = { 1, 2 }
        }
      },
      rangeFormatting = {
        dynamicRegistration = true,
        rangesSupport = true
      },
      references = {
        dynamicRegistration = false
      },
      rename = {
        dynamicRegistration = true,
        prepareSupport = true
      },
      semanticTokens = {
        augmentsSyntaxTokens = true,
        dynamicRegistration = false,
        formats = { "relative" },
        multilineTokenSupport = false,
        overlappingTokenSupport = true,
        requests = {
          full = {
            delta = true
          },
          range = false
        },
        serverCancelSupport = false,
        tokenModifiers = { "declaration", "definition", "readonly", "static", "deprecated", "abstract", "async", "modification", "documentation", "defaultLibrary" },
        tokenTypes = { "namespace", "type", "class", "enum", "interface", "struct", "typeParameter", "parameter", "variable", "property", "enumMember", "event", "function", "method", "macro", "keyword", "modifier", "comment", "string", "number", "regexp", "operator", "decorator" }
      },
      signatureHelp = {
        dynamicRegistration = false,
        signatureInformation = {
          activeParameterSupport = true,
          documentationFormat = { "markdown", "plaintext" },
          parameterInformation = {
            labelOffsetSupport = true
          }
        }
      },
      synchronization = {
        didSave = true,
        dynamicRegistration = false,
        willSave = true,
        willSaveWaitUntil = true
      },
      typeDefinition = {
        linkSupport = true
      }
    },
    window = {
      showDocument = {
        support = true
      },
      showMessage = {
        messageActionItem = {
          additionalPropertiesSupport = true
        }
      },
      workDoneProgress = true
    },
    workspace = {
      applyEdit = true,
      configuration = true,
      didChangeConfiguration = {
        dynamicRegistration = false
      },
      didChangeWatchedFiles = {
        dynamicRegistration = false,
        relativePatternSupport = true
      },
      inlayHint = {
        refreshSupport = true
      },
      semanticTokens = {
        refreshSupport = true
      },
      symbol = {
        dynamicRegistration = false,
        symbolKind = {
          valueSet = { 1, 2, 3, 4, 5, 6, 7, 8, 9, 10, 11, 12, 13, 14, 15, 16, 17, 18, 19, 20, 21, 22, 23, 24, 25, 26 }
        }
      },
      workspaceEdit = {
        resourceOperations = { "rename", "create", "delete" }
      },
      workspaceFolders = true
    }
  },
  clientInfo = {
    name = "Neovim",
    version = "0.11.0+ga99c469e54"
  },
  initializationOptions = {},
  processId = 49562,
  rootPath = "/home/ndrolp/.dotfiles",
  rootUri = "file:///home/ndrolp/.dotfiles",
  trace = "off",
  workDoneToken = "1",
  workspaceFolders = { {
      name = "/home/ndrolp/.dotfiles",
      uri = "file:///home/ndrolp/.dotfiles"
    } }
}
[23:16:42.098][info] [#0:script/language.lua:137]: VSC language: nil
[23:16:42.098][info] [#0:script/language.lua:138]: LS  language: en-us
[23:16:42.098][info] [#0:script/workspace/workspace.lua:38]: Workspace init root: 	file:///home/ndrolp/.dotfiles
[23:16:42.098][info] [#0:script/workspace/workspace.lua:42]: Log path: 	/home/ndrolp/.dotfiles/.local/share/nvim_new/mason/packages/lua-language-server/libexec/log/file_home_ndrolp_.dotfiles.log
[23:16:42.099][info] [#0:script/workspace/workspace.lua:48]: Workspace create: 	file:///home/ndrolp/.dotfiles
[23:16:43.242][warn] [#0:script/core/diagnostics/init.lua:137]: Diagnostics [duplicate-doc-field] @ [file:///home/ndrolp/.dotfiles/.local/share/nvim_new/mason/packages/lua-language-server/libexec/meta/3rd/Jass/library/jass/common.lua] takes [0.890] sec!
[23:16:43.849][warn] [#0:script/config/loader.lua:116]: No config?	{}
[23:16:43.950][warn] [#0:script/config/loader.lua:116]: No config?	{}
[23:16:43.950][info] [#0:script/provider/provider.lua:65]: Load config from client	fallback
[23:16:43.950][info] [#0:script/provider/provider.lua:66]: nil
[23:16:44.058][info] [#0:script/library.lua:212]: Init builtin library at:	file:///home/ndrolp/.dotfiles
[23:16:44.068][warn] [#0:script/core/diagnostics/init.lua:137]: Diagnostics [redundant-parameter] @ [file:///home/ndrolp/.dotfiles/.local/share/nvim_new/mason/packages/lua-language-server/libexec/meta/3rd/Jass/library/jass/common.lua] takes [0.656] sec!
[23:16:44.068][info] [#0:script/library.lua:212]: Init builtin library at:	nil
[23:16:44.175][info] [#0:script/workspace/workspace.lua:324]: Preload start:	file:///home/ndrolp/.dotfiles
[23:16:44.176][info] [#0:script/workspace/workspace.lua:330]: Scan files at:	file:///home/ndrolp/.dotfiles
[23:16:44.609][info] [#0:script/workspace/workspace.lua:324]: Preload start:	<fallback>
[23:16:44.611][info] [#0:script/workspace/workspace.lua:353]: Scan library at:	file:///home/ndrolp/.dotfiles/.local/share/nvim_new/mason/packages/lua-language-server/libexec/meta/Lua%205.4%20en-us%20utf8/debug.lua
[23:16:44.611][info] [#0:script/provider/provider.lua:49]: Load config from client	file:///home/ndrolp/.dotfiles
[23:16:44.611][info] [#0:script/provider/provider.lua:50]: {
  Lua = {
    runtime = {
      path = { "?.lua", "?/init.lua" },
      pathStrict = true,
      version = "LuaJIT"
    },
    workspace = {
      checkThirdParty = false,
      ignoreDir = { "/lua" },
      library = { "/home/ndrolp/.dotfiles/.local/share/bob/v0.11.0/share/nvim/runtime/lua" }
    }
  }
}
[23:16:44.612][warn] [#0:script/config/loader.lua:116]: No config?	{}
[23:16:44.612][info] [#0:script/provider/provider.lua:65]: Load config from client	fallback
[23:16:44.612][info] [#0:script/provider/provider.lua:66]: nil
[23:16:44.612][info] [#0:script/workspace/workspace.lua:353]: Scan library at:	file:///home/ndrolp/.dotfiles/.local/share/nvim_new/mason/packages/lua-language-server/libexec/meta/Lua%205.4%20en-us%20utf8/basic.lua
[23:16:44.613][info] [#0:script/workspace/workspace.lua:353]: Scan library at:	file:///home/ndrolp/.dotfiles/.local/share/nvim_new/mason/packages/lua-language-server/libexec/meta/Lua%205.4%20en-us%20utf8/string.lua
[23:16:44.614][info] [#0:script/workspace/workspace.lua:353]: Scan library at:	file:///home/ndrolp/.dotfiles/.local/share/nvim_new/mason/packages/lua-language-server/libexec/meta/Lua%205.4%20en-us%20utf8/math.lua
[23:16:44.615][info] [#0:script/workspace/workspace.lua:353]: Scan library at:	file:///home/ndrolp/.dotfiles/.local/share/nvim_new/mason/packages/lua-language-server/libexec/meta/Lua%205.4%20en-us%20utf8/builtin.lua
[23:16:44.615][info] [#0:script/workspace/workspace.lua:353]: Scan library at:	file:///home/ndrolp/.dotfiles/.local/share/nvim_new/mason/packages/lua-language-server/libexec/meta/Lua%205.4%20en-us%20utf8/coroutine.lua
[23:16:44.615][info] [#0:script/workspace/workspace.lua:353]: Scan library at:	file:///home/ndrolp/.dotfiles/.local/share/nvim_new/mason/packages/lua-language-server/libexec/meta/Lua%205.4%20en-us%20utf8/os.lua
[23:16:44.616][info] [#0:script/workspace/workspace.lua:353]: Scan library at:	file:///home/ndrolp/.dotfiles/.local/share/nvim_new/mason/packages/lua-language-server/libexec/meta/Lua%205.4%20en-us%20utf8/table.lua
[23:16:44.616][info] [#0:script/workspace/workspace.lua:353]: Scan library at:	file:///home/ndrolp/.dotfiles/.local/share/nvim_new/mason/packages/lua-language-server/libexec/meta/Lua%205.4%20en-us%20utf8/utf8.lua
[23:16:44.616][info] [#0:script/workspace/workspace.lua:353]: Scan library at:	file:///home/ndrolp/.dotfiles/.local/share/nvim_new/mason/packages/lua-language-server/libexec/meta/Lua%205.4%20en-us%20utf8/package.lua
[23:16:44.616][info] [#0:script/workspace/workspace.lua:353]: Scan library at:	file:///home/ndrolp/.dotfiles/.local/share/nvim_new/mason/packages/lua-language-server/libexec/meta/Lua%205.4%20en-us%20utf8/io.lua
[23:16:44.716][info] [#0:script/workspace/workspace.lua:379]: Found 11 files at:	<fallback>
[23:16:44.716][info] [#0:script/workspace/loading.lua:160]: Load files from disk:	<fallback>
[23:16:44.716][info] [#0:script/workspace/loading.lua:100]: Preload file at: file:///home/ndrolp/.dotfiles/.local/share/nvim_new/mason/packages/lua-language-server/libexec/meta/Lua%205.4%20en-us%20utf8/io.lua , size = 6.364 KB
[23:16:44.719][info] [#0:script/workspace/loading.lua:112]: ++++As library of:	file:///home/ndrolp/.dotfiles/.local/share/nvim_new/mason/packages/lua-language-server/libexec/meta/Lua%205.4%20en-us%20utf8/io.lua
[23:16:44.719][info] [#0:script/workspace/loading.lua:100]: Preload file at: file:///home/ndrolp/.dotfiles/.local/share/nvim_new/mason/packages/lua-language-server/libexec/meta/Lua%205.4%20en-us%20utf8/utf8.lua , size = 2.386 KB
[23:16:44.722][info] [#0:script/workspace/loading.lua:112]: ++++As library of:	file:///home/ndrolp/.dotfiles/.local/share/nvim_new/mason/packages/lua-language-server/libexec/meta/Lua%205.4%20en-us%20utf8/utf8.lua
[23:16:44.722][info] [#0:script/workspace/loading.lua:100]: Preload file at: file:///home/ndrolp/.dotfiles/.local/share/nvim_new/mason/packages/lua-language-server/libexec/meta/Lua%205.4%20en-us%20utf8/package.lua , size = 2.944 KB
[23:16:44.723][info] [#0:script/workspace/loading.lua:112]: ++++As library of:	file:///home/ndrolp/.dotfiles/.local/share/nvim_new/mason/packages/lua-language-server/libexec/meta/Lua%205.4%20en-us%20utf8/package.lua
[23:16:44.723][info] [#0:script/workspace/loading.lua:100]: Preload file at: file:///home/ndrolp/.dotfiles/.local/share/nvim_new/mason/packages/lua-language-server/libexec/meta/Lua%205.4%20en-us%20utf8/table.lua , size = 4.445 KB
[23:16:44.725][info] [#0:script/workspace/loading.lua:112]: ++++As library of:	file:///home/ndrolp/.dotfiles/.local/share/nvim_new/mason/packages/lua-language-server/libexec/meta/Lua%205.4%20en-us%20utf8/table.lua
[23:16:44.725][info] [#0:script/workspace/loading.lua:100]: Preload file at: file:///home/ndrolp/.dotfiles/.local/share/nvim_new/mason/packages/lua-language-server/libexec/meta/Lua%205.4%20en-us%20utf8/os.lua , size = 5.611 KB
[23:16:44.727][info] [#0:script/workspace/loading.lua:112]: ++++As library of:	file:///home/ndrolp/.dotfiles/.local/share/nvim_new/mason/packages/lua-language-server/libexec/meta/Lua%205.4%20en-us%20utf8/os.lua
[23:16:44.728][info] [#0:script/workspace/loading.lua:100]: Preload file at: file:///home/ndrolp/.dotfiles/.local/share/nvim_new/mason/packages/lua-language-server/libexec/meta/Lua%205.4%20en-us%20utf8/coroutine.lua , size = 2.590 KB
[23:16:44.729][info] [#0:script/workspace/loading.lua:112]: ++++As library of:	file:///home/ndrolp/.dotfiles/.local/share/nvim_new/mason/packages/lua-language-server/libexec/meta/Lua%205.4%20en-us%20utf8/coroutine.lua
[23:16:44.729][info] [#0:script/workspace/loading.lua:100]: Preload file at: file:///home/ndrolp/.dotfiles/.local/share/nvim_new/mason/packages/lua-language-server/libexec/meta/Lua%205.4%20en-us%20utf8/builtin.lua , size = 0.302 KB
[23:16:44.730][info] [#0:script/workspace/loading.lua:112]: ++++As library of:	file:///home/ndrolp/.dotfiles/.local/share/nvim_new/mason/packages/lua-language-server/libexec/meta/Lua%205.4%20en-us%20utf8/builtin.lua
[23:16:44.730][info] [#0:script/workspace/loading.lua:100]: Preload file at: file:///home/ndrolp/.dotfiles/.local/share/nvim_new/mason/packages/lua-language-server/libexec/meta/Lua%205.4%20en-us%20utf8/math.lua , size = 8.542 KB
[23:16:44.735][info] [#0:script/workspace/loading.lua:112]: ++++As library of:	file:///home/ndrolp/.dotfiles/.local/share/nvim_new/mason/packages/lua-language-server/libexec/meta/Lua%205.4%20en-us%20utf8/math.lua
[23:16:44.735][info] [#0:script/workspace/loading.lua:100]: Preload file at: file:///home/ndrolp/.dotfiles/.local/share/nvim_new/mason/packages/lua-language-server/libexec/meta/Lua%205.4%20en-us%20utf8/string.lua , size = 5.260 KB
[23:16:44.737][info] [#0:script/workspace/loading.lua:112]: ++++As library of:	file:///home/ndrolp/.dotfiles/.local/share/nvim_new/mason/packages/lua-language-server/libexec/meta/Lua%205.4%20en-us%20utf8/string.lua
[23:16:44.738][info] [#0:script/workspace/loading.lua:100]: Preload file at: file:///home/ndrolp/.dotfiles/.local/share/nvim_new/mason/packages/lua-language-server/libexec/meta/Lua%205.4%20en-us%20utf8/basic.lua , size = 15.841 KB
[23:16:44.743][info] [#0:script/workspace/loading.lua:112]: ++++As library of:	file:///home/ndrolp/.dotfiles/.local/share/nvim_new/mason/packages/lua-language-server/libexec/meta/Lua%205.4%20en-us%20utf8/basic.lua
[23:16:44.743][info] [#0:script/workspace/loading.lua:100]: Preload file at: file:///home/ndrolp/.dotfiles/.local/share/nvim_new/mason/packages/lua-language-server/libexec/meta/Lua%205.4%20en-us%20utf8/debug.lua , size = 7.637 KB
[23:16:44.748][info] [#0:script/workspace/loading.lua:112]: ++++As library of:	file:///home/ndrolp/.dotfiles/.local/share/nvim_new/mason/packages/lua-language-server/libexec/meta/Lua%205.4%20en-us%20utf8/debug.lua
[23:16:44.748][info] [#0:script/workspace/loading.lua:172]: Loaded files takes [0.033] sec: <fallback>
[23:16:44.748][info] [#0:script/workspace/loading.lua:181]: Compile files takes [0.000] sec: <fallback>
[23:16:44.748][info] [#0:script/workspace/loading.lua:182]: Loaded finish:	<fallback>
[23:16:44.748][info] [#0:script/workspace/workspace.lua:381]: Preload finish at:	<fallback>
[23:16:45.303][warn] [#0:script/core/diagnostics/init.lua:137]: Diagnostics [invisible] @ [file:///home/ndrolp/.dotfiles/.local/share/nvim_new/mason/packages/lua-language-server/libexec/meta/3rd/Jass/library/jass/common.lua] takes [1.150] sec!
[23:16:45.319][info] [#0:script/provider/provider.lua:176]: Server shutdown.
[23:16:45.338][warn] [#0:script/pub/report.lua:24]: Load proto error:	Disconnected!
[23:16:52.359][warn] [#0:script/await.lua:213]: Await step takes [1.023] sec.
[23:16:52.640][warn] [#0:script/core/diagnostics/init.lua:137]: Diagnostics [invisible] @ [file:///home/ndrolp/.dotfiles/.local/share/nvim_new/mason/packages/lua-language-server/libexec/meta/default%20utf8/System.Data.OleDb.lua] takes [1.312] sec!
